/home/student/ros2_ws/install/my_robot_controller/lib/python3.12/site-packages/my_robot_controller/__init__.py
/home/student/ros2_ws/install/my_robot_controller/lib/python3.12/site-packages/my_robot_controller/battery_node.py
/home/student/ros2_ws/install/my_robot_controller/lib/python3.12/site-packages/my_robot_controller/calibration_helper.py
/home/student/ros2_ws/install/my_robot_controller/lib/python3.12/site-packages/my_robot_controller/encoder_simulator.py
/home/student/ros2_ws/install/my_robot_controller/lib/python3.12/site-packages/my_robot_controller/imu_reader.py
/home/student/ros2_ws/install/my_robot_controller/lib/python3.12/site-packages/my_robot_controller/imu_simulator.py
/home/student/ros2_ws/install/my_robot_controller/lib/python3.12/site-packages/my_robot_controller/lidar_processor.py
/home/student/ros2_ws/install/my_robot_controller/lib/python3.12/site-packages/my_robot_controller/lidar_room_simulator.py
/home/student/ros2_ws/install/my_robot_controller/lib/python3.12/site-packages/my_robot_controller/lidar_simulator.py
/home/student/ros2_ws/install/my_robot_controller/lib/python3.12/site-packages/my_robot_controller/motor_simulator.py
/home/student/ros2_ws/install/my_robot_controller/lib/python3.12/site-packages/my_robot_controller/my_first_node.py
/home/student/ros2_ws/install/my_robot_controller/lib/python3.12/site-packages/my_robot_controller/odometry_error_demo.py
/home/student/ros2_ws/install/my_robot_controller/lib/python3.12/site-packages/my_robot_controller/robot_news_station.py
/home/student/ros2_ws/install/my_robot_controller/lib/python3.12/site-packages/my_robot_controller/robot_tf_broadcaster.py
/home/student/ros2_ws/install/my_robot_controller/lib/python3.12/site-packages/my_robot_controller/sensor_fusion.py
/home/student/ros2_ws/install/my_robot_controller/lib/python3.12/site-packages/my_robot_controller/slam_world_simulator.py
/home/student/ros2_ws/install/my_robot_controller/lib/python3.12/site-packages/my_robot_controller/slip_detector.py
/home/student/ros2_ws/install/my_robot_controller/lib/python3.12/site-packages/my_robot_controller/smartphone.py
/home/student/ros2_ws/install/my_robot_controller/lib/python3.12/site-packages/my_robot_controller/static_transform_publisher.py
/home/student/ros2_ws/install/my_robot_controller/lib/python3.12/site-packages/my_robot_controller/stm32_bridge.py
/home/student/ros2_ws/install/my_robot_controller/lib/python3.12/site-packages/my_robot_controller/system_monitor.py
/home/student/ros2_ws/install/my_robot_controller/lib/python3.12/site-packages/my_robot_controller/wheel_odometry.py
/home/student/ros2_ws/install/my_robot_controller/lib/python3.12/site-packages/my_robot_controller/__pycache__/__init__.cpython-312.pyc
/home/student/ros2_ws/install/my_robot_controller/lib/python3.12/site-packages/my_robot_controller/__pycache__/battery_node.cpython-312.pyc
/home/student/ros2_ws/install/my_robot_controller/lib/python3.12/site-packages/my_robot_controller/__pycache__/calibration_helper.cpython-312.pyc
/home/student/ros2_ws/install/my_robot_controller/lib/python3.12/site-packages/my_robot_controller/__pycache__/encoder_simulator.cpython-312.pyc
/home/student/ros2_ws/install/my_robot_controller/lib/python3.12/site-packages/my_robot_controller/__pycache__/imu_reader.cpython-312.pyc
/home/student/ros2_ws/install/my_robot_controller/lib/python3.12/site-packages/my_robot_controller/__pycache__/imu_simulator.cpython-312.pyc
/home/student/ros2_ws/install/my_robot_controller/lib/python3.12/site-packages/my_robot_controller/__pycache__/lidar_processor.cpython-312.pyc
/home/student/ros2_ws/install/my_robot_controller/lib/python3.12/site-packages/my_robot_controller/__pycache__/lidar_room_simulator.cpython-312.pyc
/home/student/ros2_ws/install/my_robot_controller/lib/python3.12/site-packages/my_robot_controller/__pycache__/lidar_simulator.cpython-312.pyc
/home/student/ros2_ws/install/my_robot_controller/lib/python3.12/site-packages/my_robot_controller/__pycache__/motor_simulator.cpython-312.pyc
/home/student/ros2_ws/install/my_robot_controller/lib/python3.12/site-packages/my_robot_controller/__pycache__/my_first_node.cpython-312.pyc
/home/student/ros2_ws/install/my_robot_controller/lib/python3.12/site-packages/my_robot_controller/__pycache__/odometry_error_demo.cpython-312.pyc
/home/student/ros2_ws/install/my_robot_controller/lib/python3.12/site-packages/my_robot_controller/__pycache__/robot_news_station.cpython-312.pyc
/home/student/ros2_ws/install/my_robot_controller/lib/python3.12/site-packages/my_robot_controller/__pycache__/robot_tf_broadcaster.cpython-312.pyc
/home/student/ros2_ws/install/my_robot_controller/lib/python3.12/site-packages/my_robot_controller/__pycache__/sensor_fusion.cpython-312.pyc
/home/student/ros2_ws/install/my_robot_controller/lib/python3.12/site-packages/my_robot_controller/__pycache__/slam_world_simulator.cpython-312.pyc
/home/student/ros2_ws/install/my_robot_controller/lib/python3.12/site-packages/my_robot_controller/__pycache__/slip_detector.cpython-312.pyc
/home/student/ros2_ws/install/my_robot_controller/lib/python3.12/site-packages/my_robot_controller/__pycache__/smartphone.cpython-312.pyc
/home/student/ros2_ws/install/my_robot_controller/lib/python3.12/site-packages/my_robot_controller/__pycache__/static_transform_publisher.cpython-312.pyc
/home/student/ros2_ws/install/my_robot_controller/lib/python3.12/site-packages/my_robot_controller/__pycache__/stm32_bridge.cpython-312.pyc
/home/student/ros2_ws/install/my_robot_controller/lib/python3.12/site-packages/my_robot_controller/__pycache__/system_monitor.cpython-312.pyc
/home/student/ros2_ws/install/my_robot_controller/lib/python3.12/site-packages/my_robot_controller/__pycache__/wheel_odometry.cpython-312.pyc
/home/student/ros2_ws/install/my_robot_controller/share/ament_index/resource_index/packages/my_robot_controller
/home/student/ros2_ws/install/my_robot_controller/share/my_robot_controller/package.xml
/home/student/ros2_ws/install/my_robot_controller/share/my_robot_controller/launch/hardware_simulation.launch.py
/home/student/ros2_ws/install/my_robot_controller/share/my_robot_controller/launch/robot_simulation.launch.py
/home/student/ros2_ws/install/my_robot_controller/share/my_robot_controller/launch/save_map.launch.py
/home/student/ros2_ws/install/my_robot_controller/share/my_robot_controller/launch/slam_mapping.launch.py
/home/student/ros2_ws/install/my_robot_controller/share/my_robot_controller/launch/view_robot.launch.py
/home/student/ros2_ws/install/my_robot_controller/share/my_robot_controller/urdf
/home/student/ros2_ws/install/my_robot_controller/share/my_robot_controller/config/slam_toolbox_params.yaml
/home/student/ros2_ws/install/my_robot_controller/share/my_robot_controller/config/slam.rviz
/home/student/ros2_ws/install/my_robot_controller/lib/python3.12/site-packages/my_robot_controller-0.0.0-py3.12.egg-info/PKG-INFO
/home/student/ros2_ws/install/my_robot_controller/lib/python3.12/site-packages/my_robot_controller-0.0.0-py3.12.egg-info/zip-safe
/home/student/ros2_ws/install/my_robot_controller/lib/python3.12/site-packages/my_robot_controller-0.0.0-py3.12.egg-info/dependency_links.txt
/home/student/ros2_ws/install/my_robot_controller/lib/python3.12/site-packages/my_robot_controller-0.0.0-py3.12.egg-info/entry_points.txt
/home/student/ros2_ws/install/my_robot_controller/lib/python3.12/site-packages/my_robot_controller-0.0.0-py3.12.egg-info/requires.txt
/home/student/ros2_ws/install/my_robot_controller/lib/python3.12/site-packages/my_robot_controller-0.0.0-py3.12.egg-info/top_level.txt
/home/student/ros2_ws/install/my_robot_controller/lib/python3.12/site-packages/my_robot_controller-0.0.0-py3.12.egg-info/SOURCES.txt
/home/student/ros2_ws/install/my_robot_controller/lib/my_robot_controller/battery_node
/home/student/ros2_ws/install/my_robot_controller/lib/my_robot_controller/calibration_helper
/home/student/ros2_ws/install/my_robot_controller/lib/my_robot_controller/encoder_simulator
/home/student/ros2_ws/install/my_robot_controller/lib/my_robot_controller/imu_reader
/home/student/ros2_ws/install/my_robot_controller/lib/my_robot_controller/imu_simulator
/home/student/ros2_ws/install/my_robot_controller/lib/my_robot_controller/lidar_processor
/home/student/ros2_ws/install/my_robot_controller/lib/my_robot_controller/lidar_room_simulator
/home/student/ros2_ws/install/my_robot_controller/lib/my_robot_controller/lidar_simulator
/home/student/ros2_ws/install/my_robot_controller/lib/my_robot_controller/motor_simulator
/home/student/ros2_ws/install/my_robot_controller/lib/my_robot_controller/my_first_node
/home/student/ros2_ws/install/my_robot_controller/lib/my_robot_controller/odometry_error_demo
/home/student/ros2_ws/install/my_robot_controller/lib/my_robot_controller/robot_news_station
/home/student/ros2_ws/install/my_robot_controller/lib/my_robot_controller/robot_tf_broadcaster
/home/student/ros2_ws/install/my_robot_controller/lib/my_robot_controller/sensor_fusion
/home/student/ros2_ws/install/my_robot_controller/lib/my_robot_controller/slam_world_simulator
/home/student/ros2_ws/install/my_robot_controller/lib/my_robot_controller/slip_detector
/home/student/ros2_ws/install/my_robot_controller/lib/my_robot_controller/smartphone
/home/student/ros2_ws/install/my_robot_controller/lib/my_robot_controller/static_transform_publisher
/home/student/ros2_ws/install/my_robot_controller/lib/my_robot_controller/system_monitor
/home/student/ros2_ws/install/my_robot_controller/lib/my_robot_controller/wheel_odometry
