[1.023s] Invoking command in '/home/student/ros2_ws/src/my_nav2_config': PYTHONPATH=/home/student/ros2_ws/build/my_nav2_config/prefix_override:/usr/lib/python3/dist-packages/colcon_core/task/python/colcon_distutils_commands:/home/student/ros2_ws/install/my_nav2_config/lib/python3.12/site-packages:${PYTHONPATH} /usr/bin/python3 -W ignore:setup.py install is deprecated -W ignore:easy_install command is deprecated setup.py egg_info --egg-base ../../build/my_nav2_config build --build-base /home/student/ros2_ws/build/my_nav2_config/build install --record /home/student/ros2_ws/build/my_nav2_config/install.log --single-version-externally-managed install_data
[1.259s] running egg_info
[1.263s] creating ../../build/my_nav2_config/my_nav2_config.egg-info
[1.281s] writing ../../build/my_nav2_config/my_nav2_config.egg-info/PKG-INFO
[1.282s] writing dependency_links to ../../build/my_nav2_config/my_nav2_config.egg-info/dependency_links.txt
[1.284s] writing requirements to ../../build/my_nav2_config/my_nav2_config.egg-info/requires.txt
[1.287s] writing top-level names to ../../build/my_nav2_config/my_nav2_config.egg-info/top_level.txt
[1.347s] writing manifest file '../../build/my_nav2_config/my_nav2_config.egg-info/SOURCES.txt'
[1.389s] reading manifest file '../../build/my_nav2_config/my_nav2_config.egg-info/SOURCES.txt'
[1.390s] writing manifest file '../../build/my_nav2_config/my_nav2_config.egg-info/SOURCES.txt'
[1.391s] running build
[1.391s] running build_py
[1.394s] creating /home/student/ros2_ws/build/my_nav2_config/build
[1.398s] creating /home/student/ros2_ws/build/my_nav2_config/build/lib
[1.401s] creating /home/student/ros2_ws/build/my_nav2_config/build/lib/my_nav2_config
[1.402s] copying my_nav2_config/__init__.py -> /home/student/ros2_ws/build/my_nav2_config/build/lib/my_nav2_config
[1.402s] running install
[1.402s] running install_lib
[1.415s] creating /home/student/ros2_ws/install/my_nav2_config/lib/python3.12/site-packages/my_nav2_config
[1.418s] copying /home/student/ros2_ws/build/my_nav2_config/build/lib/my_nav2_config/__init__.py -> /home/student/ros2_ws/install/my_nav2_config/lib/python3.12/site-packages/my_nav2_config
[1.418s] byte-compiling /home/student/ros2_ws/install/my_nav2_config/lib/python3.12/site-packages/my_nav2_config/__init__.py to __init__.cpython-312.pyc
[1.419s] running install_data
[1.419s] creating /home/student/ros2_ws/install/my_nav2_config/share/ament_index
[1.420s] creating /home/student/ros2_ws/install/my_nav2_config/share/ament_index/resource_index
[1.420s] creating /home/student/ros2_ws/install/my_nav2_config/share/ament_index/resource_index/packages
[1.420s] copying resource/my_nav2_config -> /home/student/ros2_ws/install/my_nav2_config/share/ament_index/resource_index/packages
[1.426s] copying package.xml -> /home/student/ros2_ws/install/my_nav2_config/share/my_nav2_config
[1.426s] creating /home/student/ros2_ws/install/my_nav2_config/share/my_nav2_config/launch
[1.427s] copying launch/navigation.launch.py -> /home/student/ros2_ws/install/my_nav2_config/share/my_nav2_config/launch
[1.432s] running install_egg_info
[1.452s] Copying ../../build/my_nav2_config/my_nav2_config.egg-info to /home/student/ros2_ws/install/my_nav2_config/lib/python3.12/site-packages/my_nav2_config-0.0.0-py3.12.egg-info
[1.456s] running install_scripts
[1.504s] writing list of installed files to '/home/student/ros2_ws/build/my_nav2_config/install.log'
[1.528s] Invoked command in '/home/student/ros2_ws/src/my_nav2_config' returned '0': PYTHONPATH=/home/student/ros2_ws/build/my_nav2_config/prefix_override:/usr/lib/python3/dist-packages/colcon_core/task/python/colcon_distutils_commands:/home/student/ros2_ws/install/my_nav2_config/lib/python3.12/site-packages:${PYTHONPATH} /usr/bin/python3 -W ignore:setup.py install is deprecated -W ignore:easy_install command is deprecated setup.py egg_info --egg-base ../../build/my_nav2_config build --build-base /home/student/ros2_ws/build/my_nav2_config/build install --record /home/student/ros2_ws/build/my_nav2_config/install.log --single-version-externally-managed install_data
