running egg_info
creating ../../build/my_robot_controller/my_robot_controller.egg-info
writing ../../build/my_robot_controller/my_robot_controller.egg-info/PKG-INFO
writing dependency_links to ../../build/my_robot_controller/my_robot_controller.egg-info/dependency_links.txt
writing entry points to ../../build/my_robot_controller/my_robot_controller.egg-info/entry_points.txt
writing requirements to ../../build/my_robot_controller/my_robot_controller.egg-info/requires.txt
writing top-level names to ../../build/my_robot_controller/my_robot_controller.egg-info/top_level.txt
writing manifest file '../../build/my_robot_controller/my_robot_controller.egg-info/SOURCES.txt'
reading manifest file '../../build/my_robot_controller/my_robot_controller.egg-info/SOURCES.txt'
writing manifest file '../../build/my_robot_controller/my_robot_controller.egg-info/SOURCES.txt'
running build
running build_py
creating /home/student/ros2_ws/build/my_robot_controller/build
creating /home/student/ros2_ws/build/my_robot_controller/build/lib
creating /home/student/ros2_ws/build/my_robot_controller/build/lib/my_robot_controller
copying my_robot_controller/__init__.py -> /home/student/ros2_ws/build/my_robot_controller/build/lib/my_robot_controller
copying my_robot_controller/battery_node.py -> /home/student/ros2_ws/build/my_robot_controller/build/lib/my_robot_controller
copying my_robot_controller/calibration_helper.py -> /home/student/ros2_ws/build/my_robot_controller/build/lib/my_robot_controller
copying my_robot_controller/encoder_simulator.py -> /home/student/ros2_ws/build/my_robot_controller/build/lib/my_robot_controller
copying my_robot_controller/imu_reader.py -> /home/student/ros2_ws/build/my_robot_controller/build/lib/my_robot_controller
copying my_robot_controller/imu_simulator.py -> /home/student/ros2_ws/build/my_robot_controller/build/lib/my_robot_controller
copying my_robot_controller/lidar_processor.py -> /home/student/ros2_ws/build/my_robot_controller/build/lib/my_robot_controller
copying my_robot_controller/lidar_room_simulator.py -> /home/student/ros2_ws/build/my_robot_controller/build/lib/my_robot_controller
copying my_robot_controller/lidar_simulator.py -> /home/student/ros2_ws/build/my_robot_controller/build/lib/my_robot_controller
copying my_robot_controller/motor_simulator.py -> /home/student/ros2_ws/build/my_robot_controller/build/lib/my_robot_controller
copying my_robot_controller/my_first_node.py -> /home/student/ros2_ws/build/my_robot_controller/build/lib/my_robot_controller
copying my_robot_controller/odometry_error_demo.py -> /home/student/ros2_ws/build/my_robot_controller/build/lib/my_robot_controller
copying my_robot_controller/robot_news_station.py -> /home/student/ros2_ws/build/my_robot_controller/build/lib/my_robot_controller
copying my_robot_controller/robot_tf_broadcaster.py -> /home/student/ros2_ws/build/my_robot_controller/build/lib/my_robot_controller
copying my_robot_controller/sensor_fusion.py -> /home/student/ros2_ws/build/my_robot_controller/build/lib/my_robot_controller
copying my_robot_controller/slam_world_simulator.py -> /home/student/ros2_ws/build/my_robot_controller/build/lib/my_robot_controller
copying my_robot_controller/slip_detector.py -> /home/student/ros2_ws/build/my_robot_controller/build/lib/my_robot_controller
copying my_robot_controller/smartphone.py -> /home/student/ros2_ws/build/my_robot_controller/build/lib/my_robot_controller
copying my_robot_controller/static_transform_publisher.py -> /home/student/ros2_ws/build/my_robot_controller/build/lib/my_robot_controller
copying my_robot_controller/stm32_bridge.py -> /home/student/ros2_ws/build/my_robot_controller/build/lib/my_robot_controller
copying my_robot_controller/system_monitor.py -> /home/student/ros2_ws/build/my_robot_controller/build/lib/my_robot_controller
copying my_robot_controller/wheel_odometry.py -> /home/student/ros2_ws/build/my_robot_controller/build/lib/my_robot_controller
running install
running install_lib
creating /home/student/ros2_ws/install/my_robot_controller/lib/python3.12/site-packages/my_robot_controller
copying /home/student/ros2_ws/build/my_robot_controller/build/lib/my_robot_controller/__init__.py -> /home/student/ros2_ws/install/my_robot_controller/lib/python3.12/site-packages/my_robot_controller
copying /home/student/ros2_ws/build/my_robot_controller/build/lib/my_robot_controller/battery_node.py -> /home/student/ros2_ws/install/my_robot_controller/lib/python3.12/site-packages/my_robot_controller
copying /home/student/ros2_ws/build/my_robot_controller/build/lib/my_robot_controller/calibration_helper.py -> /home/student/ros2_ws/install/my_robot_controller/lib/python3.12/site-packages/my_robot_controller
copying /home/student/ros2_ws/build/my_robot_controller/build/lib/my_robot_controller/encoder_simulator.py -> /home/student/ros2_ws/install/my_robot_controller/lib/python3.12/site-packages/my_robot_controller
copying /home/student/ros2_ws/build/my_robot_controller/build/lib/my_robot_controller/imu_reader.py -> /home/student/ros2_ws/install/my_robot_controller/lib/python3.12/site-packages/my_robot_controller
copying /home/student/ros2_ws/build/my_robot_controller/build/lib/my_robot_controller/imu_simulator.py -> /home/student/ros2_ws/install/my_robot_controller/lib/python3.12/site-packages/my_robot_controller
copying /home/student/ros2_ws/build/my_robot_controller/build/lib/my_robot_controller/lidar_processor.py -> /home/student/ros2_ws/install/my_robot_controller/lib/python3.12/site-packages/my_robot_controller
copying /home/student/ros2_ws/build/my_robot_controller/build/lib/my_robot_controller/lidar_room_simulator.py -> /home/student/ros2_ws/install/my_robot_controller/lib/python3.12/site-packages/my_robot_controller
copying /home/student/ros2_ws/build/my_robot_controller/build/lib/my_robot_controller/lidar_simulator.py -> /home/student/ros2_ws/install/my_robot_controller/lib/python3.12/site-packages/my_robot_controller
copying /home/student/ros2_ws/build/my_robot_controller/build/lib/my_robot_controller/motor_simulator.py -> /home/student/ros2_ws/install/my_robot_controller/lib/python3.12/site-packages/my_robot_controller
copying /home/student/ros2_ws/build/my_robot_controller/build/lib/my_robot_controller/my_first_node.py -> /home/student/ros2_ws/install/my_robot_controller/lib/python3.12/site-packages/my_robot_controller
copying /home/student/ros2_ws/build/my_robot_controller/build/lib/my_robot_controller/odometry_error_demo.py -> /home/student/ros2_ws/install/my_robot_controller/lib/python3.12/site-packages/my_robot_controller
copying /home/student/ros2_ws/build/my_robot_controller/build/lib/my_robot_controller/robot_news_station.py -> /home/student/ros2_ws/install/my_robot_controller/lib/python3.12/site-packages/my_robot_controller
copying /home/student/ros2_ws/build/my_robot_controller/build/lib/my_robot_controller/robot_tf_broadcaster.py -> /home/student/ros2_ws/install/my_robot_controller/lib/python3.12/site-packages/my_robot_controller
copying /home/student/ros2_ws/build/my_robot_controller/build/lib/my_robot_controller/sensor_fusion.py -> /home/student/ros2_ws/install/my_robot_controller/lib/python3.12/site-packages/my_robot_controller
copying /home/student/ros2_ws/build/my_robot_controller/build/lib/my_robot_controller/slam_world_simulator.py -> /home/student/ros2_ws/install/my_robot_controller/lib/python3.12/site-packages/my_robot_controller
copying /home/student/ros2_ws/build/my_robot_controller/build/lib/my_robot_controller/slip_detector.py -> /home/student/ros2_ws/install/my_robot_controller/lib/python3.12/site-packages/my_robot_controller
copying /home/student/ros2_ws/build/my_robot_controller/build/lib/my_robot_controller/smartphone.py -> /home/student/ros2_ws/install/my_robot_controller/lib/python3.12/site-packages/my_robot_controller
copying /home/student/ros2_ws/build/my_robot_controller/build/lib/my_robot_controller/static_transform_publisher.py -> /home/student/ros2_ws/install/my_robot_controller/lib/python3.12/site-packages/my_robot_controller
copying /home/student/ros2_ws/build/my_robot_controller/build/lib/my_robot_controller/stm32_bridge.py -> /home/student/ros2_ws/install/my_robot_controller/lib/python3.12/site-packages/my_robot_controller
copying /home/student/ros2_ws/build/my_robot_controller/build/lib/my_robot_controller/system_monitor.py -> /home/student/ros2_ws/install/my_robot_controller/lib/python3.12/site-packages/my_robot_controller
copying /home/student/ros2_ws/build/my_robot_controller/build/lib/my_robot_controller/wheel_odometry.py -> /home/student/ros2_ws/install/my_robot_controller/lib/python3.12/site-packages/my_robot_controller
byte-compiling /home/student/ros2_ws/install/my_robot_controller/lib/python3.12/site-packages/my_robot_controller/__init__.py to __init__.cpython-312.pyc
byte-compiling /home/student/ros2_ws/install/my_robot_controller/lib/python3.12/site-packages/my_robot_controller/battery_node.py to battery_node.cpython-312.pyc
byte-compiling /home/student/ros2_ws/install/my_robot_controller/lib/python3.12/site-packages/my_robot_controller/calibration_helper.py to calibration_helper.cpython-312.pyc
byte-compiling /home/student/ros2_ws/install/my_robot_controller/lib/python3.12/site-packages/my_robot_controller/encoder_simulator.py to encoder_simulator.cpython-312.pyc
byte-compiling /home/student/ros2_ws/install/my_robot_controller/lib/python3.12/site-packages/my_robot_controller/imu_reader.py to imu_reader.cpython-312.pyc
byte-compiling /home/student/ros2_ws/install/my_robot_controller/lib/python3.12/site-packages/my_robot_controller/imu_simulator.py to imu_simulator.cpython-312.pyc
byte-compiling /home/student/ros2_ws/install/my_robot_controller/lib/python3.12/site-packages/my_robot_controller/lidar_processor.py to lidar_processor.cpython-312.pyc
byte-compiling /home/student/ros2_ws/install/my_robot_controller/lib/python3.12/site-packages/my_robot_controller/lidar_room_simulator.py to lidar_room_simulator.cpython-312.pyc
byte-compiling /home/student/ros2_ws/install/my_robot_controller/lib/python3.12/site-packages/my_robot_controller/lidar_simulator.py to lidar_simulator.cpython-312.pyc
byte-compiling /home/student/ros2_ws/install/my_robot_controller/lib/python3.12/site-packages/my_robot_controller/motor_simulator.py to motor_simulator.cpython-312.pyc
byte-compiling /home/student/ros2_ws/install/my_robot_controller/lib/python3.12/site-packages/my_robot_controller/my_first_node.py to my_first_node.cpython-312.pyc
byte-compiling /home/student/ros2_ws/install/my_robot_controller/lib/python3.12/site-packages/my_robot_controller/odometry_error_demo.py to odometry_error_demo.cpython-312.pyc
byte-compiling /home/student/ros2_ws/install/my_robot_controller/lib/python3.12/site-packages/my_robot_controller/robot_news_station.py to robot_news_station.cpython-312.pyc
byte-compiling /home/student/ros2_ws/install/my_robot_controller/lib/python3.12/site-packages/my_robot_controller/robot_tf_broadcaster.py to robot_tf_broadcaster.cpython-312.pyc
byte-compiling /home/student/ros2_ws/install/my_robot_controller/lib/python3.12/site-packages/my_robot_controller/sensor_fusion.py to sensor_fusion.cpython-312.pyc
byte-compiling /home/student/ros2_ws/install/my_robot_controller/lib/python3.12/site-packages/my_robot_controller/slam_world_simulator.py to slam_world_simulator.cpython-312.pyc
byte-compiling /home/student/ros2_ws/install/my_robot_controller/lib/python3.12/site-packages/my_robot_controller/slip_detector.py to slip_detector.cpython-312.pyc
byte-compiling /home/student/ros2_ws/install/my_robot_controller/lib/python3.12/site-packages/my_robot_controller/smartphone.py to smartphone.cpython-312.pyc
byte-compiling /home/student/ros2_ws/install/my_robot_controller/lib/python3.12/site-packages/my_robot_controller/static_transform_publisher.py to static_transform_publisher.cpython-312.pyc
byte-compiling /home/student/ros2_ws/install/my_robot_controller/lib/python3.12/site-packages/my_robot_controller/stm32_bridge.py to stm32_bridge.cpython-312.pyc
byte-compiling /home/student/ros2_ws/install/my_robot_controller/lib/python3.12/site-packages/my_robot_controller/system_monitor.py to system_monitor.cpython-312.pyc
byte-compiling /home/student/ros2_ws/install/my_robot_controller/lib/python3.12/site-packages/my_robot_controller/wheel_odometry.py to wheel_odometry.cpython-312.pyc
running install_data
creating /home/student/ros2_ws/install/my_robot_controller/share/ament_index
creating /home/student/ros2_ws/install/my_robot_controller/share/ament_index/resource_index
creating /home/student/ros2_ws/install/my_robot_controller/share/ament_index/resource_index/packages
copying resource/my_robot_controller -> /home/student/ros2_ws/install/my_robot_controller/share/ament_index/resource_index/packages
copying package.xml -> /home/student/ros2_ws/install/my_robot_controller/share/my_robot_controller
creating /home/student/ros2_ws/install/my_robot_controller/share/my_robot_controller/launch
copying launch/hardware_simulation.launch.py -> /home/student/ros2_ws/install/my_robot_controller/share/my_robot_controller/launch
copying launch/robot_simulation.launch.py -> /home/student/ros2_ws/install/my_robot_controller/share/my_robot_controller/launch
copying launch/save_map.launch.py -> /home/student/ros2_ws/install/my_robot_controller/share/my_robot_controller/launch
copying launch/slam_mapping.launch.py -> /home/student/ros2_ws/install/my_robot_controller/share/my_robot_controller/launch
copying launch/view_robot.launch.py -> /home/student/ros2_ws/install/my_robot_controller/share/my_robot_controller/launch
creating /home/student/ros2_ws/install/my_robot_controller/share/my_robot_controller/urdf
creating /home/student/ros2_ws/install/my_robot_controller/share/my_robot_controller/config
copying config/slam_toolbox_params.yaml -> /home/student/ros2_ws/install/my_robot_controller/share/my_robot_controller/config
copying config/slam.rviz -> /home/student/ros2_ws/install/my_robot_controller/share/my_robot_controller/config
running install_egg_info
Copying ../../build/my_robot_controller/my_robot_controller.egg-info to /home/student/ros2_ws/install/my_robot_controller/lib/python3.12/site-packages/my_robot_controller-0.0.0-py3.12.egg-info
running install_scripts
Installing battery_node script to /home/student/ros2_ws/install/my_robot_controller/lib/my_robot_controller
Installing calibration_helper script to /home/student/ros2_ws/install/my_robot_controller/lib/my_robot_controller
Installing encoder_simulator script to /home/student/ros2_ws/install/my_robot_controller/lib/my_robot_controller
Installing imu_reader script to /home/student/ros2_ws/install/my_robot_controller/lib/my_robot_controller
Installing imu_simulator script to /home/student/ros2_ws/install/my_robot_controller/lib/my_robot_controller
Installing lidar_processor script to /home/student/ros2_ws/install/my_robot_controller/lib/my_robot_controller
Installing lidar_room_simulator script to /home/student/ros2_ws/install/my_robot_controller/lib/my_robot_controller
Installing lidar_simulator script to /home/student/ros2_ws/install/my_robot_controller/lib/my_robot_controller
Installing motor_simulator script to /home/student/ros2_ws/install/my_robot_controller/lib/my_robot_controller
Installing my_first_node script to /home/student/ros2_ws/install/my_robot_controller/lib/my_robot_controller
Installing odometry_error_demo script to /home/student/ros2_ws/install/my_robot_controller/lib/my_robot_controller
Installing robot_news_station script to /home/student/ros2_ws/install/my_robot_controller/lib/my_robot_controller
Installing robot_tf_broadcaster script to /home/student/ros2_ws/install/my_robot_controller/lib/my_robot_controller
Installing sensor_fusion script to /home/student/ros2_ws/install/my_robot_controller/lib/my_robot_controller
Installing slam_world_simulator script to /home/student/ros2_ws/install/my_robot_controller/lib/my_robot_controller
Installing slip_detector script to /home/student/ros2_ws/install/my_robot_controller/lib/my_robot_controller
Installing smartphone script to /home/student/ros2_ws/install/my_robot_controller/lib/my_robot_controller
Installing static_transform_publisher script to /home/student/ros2_ws/install/my_robot_controller/lib/my_robot_controller
Installing system_monitor script to /home/student/ros2_ws/install/my_robot_controller/lib/my_robot_controller
Installing wheel_odometry script to /home/student/ros2_ws/install/my_robot_controller/lib/my_robot_controller
writing list of installed files to '/home/student/ros2_ws/build/my_robot_controller/install.log'
