[1.019s] Invoking command in '/home/student/ros2_ws/src/my_robot_controller': PYTHONPATH=/home/student/ros2_ws/build/my_robot_controller/prefix_override:/usr/lib/python3/dist-packages/colcon_core/task/python/colcon_distutils_commands:/home/student/ros2_ws/install/my_robot_controller/lib/python3.12/site-packages:${PYTHONPATH} /usr/bin/python3 -W ignore:setup.py install is deprecated -W ignore:easy_install command is deprecated setup.py egg_info --egg-base ../../build/my_robot_controller build --build-base /home/student/ros2_ws/build/my_robot_controller/build install --record /home/student/ros2_ws/build/my_robot_controller/install.log --single-version-externally-managed install_data
[1.245s] running egg_info
[1.246s] creating ../../build/my_robot_controller/my_robot_controller.egg-info
[1.261s] writing ../../build/my_robot_controller/my_robot_controller.egg-info/PKG-INFO
[1.263s] writing dependency_links to ../../build/my_robot_controller/my_robot_controller.egg-info/dependency_links.txt
[1.264s] writing entry points to ../../build/my_robot_controller/my_robot_controller.egg-info/entry_points.txt
[1.264s] writing requirements to ../../build/my_robot_controller/my_robot_controller.egg-info/requires.txt
[1.265s] writing top-level names to ../../build/my_robot_controller/my_robot_controller.egg-info/top_level.txt
[1.329s] writing manifest file '../../build/my_robot_controller/my_robot_controller.egg-info/SOURCES.txt'
[1.365s] reading manifest file '../../build/my_robot_controller/my_robot_controller.egg-info/SOURCES.txt'
[1.369s] writing manifest file '../../build/my_robot_controller/my_robot_controller.egg-info/SOURCES.txt'
[1.369s] running build
[1.370s] running build_py
[1.370s] creating /home/student/ros2_ws/build/my_robot_controller/build
[1.370s] creating /home/student/ros2_ws/build/my_robot_controller/build/lib
[1.374s] creating /home/student/ros2_ws/build/my_robot_controller/build/lib/my_robot_controller
[1.374s] copying my_robot_controller/__init__.py -> /home/student/ros2_ws/build/my_robot_controller/build/lib/my_robot_controller
[1.375s] copying my_robot_controller/battery_node.py -> /home/student/ros2_ws/build/my_robot_controller/build/lib/my_robot_controller
[1.375s] copying my_robot_controller/calibration_helper.py -> /home/student/ros2_ws/build/my_robot_controller/build/lib/my_robot_controller
[1.375s] copying my_robot_controller/encoder_simulator.py -> /home/student/ros2_ws/build/my_robot_controller/build/lib/my_robot_controller
[1.376s] copying my_robot_controller/imu_reader.py -> /home/student/ros2_ws/build/my_robot_controller/build/lib/my_robot_controller
[1.376s] copying my_robot_controller/imu_simulator.py -> /home/student/ros2_ws/build/my_robot_controller/build/lib/my_robot_controller
[1.377s] copying my_robot_controller/lidar_processor.py -> /home/student/ros2_ws/build/my_robot_controller/build/lib/my_robot_controller
[1.377s] copying my_robot_controller/lidar_room_simulator.py -> /home/student/ros2_ws/build/my_robot_controller/build/lib/my_robot_controller
[1.377s] copying my_robot_controller/lidar_simulator.py -> /home/student/ros2_ws/build/my_robot_controller/build/lib/my_robot_controller
[1.378s] copying my_robot_controller/motor_simulator.py -> /home/student/ros2_ws/build/my_robot_controller/build/lib/my_robot_controller
[1.378s] copying my_robot_controller/my_first_node.py -> /home/student/ros2_ws/build/my_robot_controller/build/lib/my_robot_controller
[1.378s] copying my_robot_controller/odometry_error_demo.py -> /home/student/ros2_ws/build/my_robot_controller/build/lib/my_robot_controller
[1.379s] copying my_robot_controller/robot_news_station.py -> /home/student/ros2_ws/build/my_robot_controller/build/lib/my_robot_controller
[1.379s] copying my_robot_controller/robot_tf_broadcaster.py -> /home/student/ros2_ws/build/my_robot_controller/build/lib/my_robot_controller
[1.379s] copying my_robot_controller/sensor_fusion.py -> /home/student/ros2_ws/build/my_robot_controller/build/lib/my_robot_controller
[1.380s] copying my_robot_controller/slam_world_simulator.py -> /home/student/ros2_ws/build/my_robot_controller/build/lib/my_robot_controller
[1.380s] copying my_robot_controller/slip_detector.py -> /home/student/ros2_ws/build/my_robot_controller/build/lib/my_robot_controller
[1.383s] copying my_robot_controller/smartphone.py -> /home/student/ros2_ws/build/my_robot_controller/build/lib/my_robot_controller
[1.384s] copying my_robot_controller/static_transform_publisher.py -> /home/student/ros2_ws/build/my_robot_controller/build/lib/my_robot_controller
[1.385s] copying my_robot_controller/stm32_bridge.py -> /home/student/ros2_ws/build/my_robot_controller/build/lib/my_robot_controller
[1.395s] copying my_robot_controller/system_monitor.py -> /home/student/ros2_ws/build/my_robot_controller/build/lib/my_robot_controller
[1.395s] copying my_robot_controller/wheel_odometry.py -> /home/student/ros2_ws/build/my_robot_controller/build/lib/my_robot_controller
[1.396s] running install
[1.398s] running install_lib
[1.426s] creating /home/student/ros2_ws/install/my_robot_controller/lib/python3.12/site-packages/my_robot_controller
[1.427s] copying /home/student/ros2_ws/build/my_robot_controller/build/lib/my_robot_controller/__init__.py -> /home/student/ros2_ws/install/my_robot_controller/lib/python3.12/site-packages/my_robot_controller
[1.427s] copying /home/student/ros2_ws/build/my_robot_controller/build/lib/my_robot_controller/battery_node.py -> /home/student/ros2_ws/install/my_robot_controller/lib/python3.12/site-packages/my_robot_controller
[1.427s] copying /home/student/ros2_ws/build/my_robot_controller/build/lib/my_robot_controller/calibration_helper.py -> /home/student/ros2_ws/install/my_robot_controller/lib/python3.12/site-packages/my_robot_controller
[1.428s] copying /home/student/ros2_ws/build/my_robot_controller/build/lib/my_robot_controller/encoder_simulator.py -> /home/student/ros2_ws/install/my_robot_controller/lib/python3.12/site-packages/my_robot_controller
[1.428s] copying /home/student/ros2_ws/build/my_robot_controller/build/lib/my_robot_controller/imu_reader.py -> /home/student/ros2_ws/install/my_robot_controller/lib/python3.12/site-packages/my_robot_controller
[1.428s] copying /home/student/ros2_ws/build/my_robot_controller/build/lib/my_robot_controller/imu_simulator.py -> /home/student/ros2_ws/install/my_robot_controller/lib/python3.12/site-packages/my_robot_controller
[1.429s] copying /home/student/ros2_ws/build/my_robot_controller/build/lib/my_robot_controller/lidar_processor.py -> /home/student/ros2_ws/install/my_robot_controller/lib/python3.12/site-packages/my_robot_controller
[1.429s] copying /home/student/ros2_ws/build/my_robot_controller/build/lib/my_robot_controller/lidar_room_simulator.py -> /home/student/ros2_ws/install/my_robot_controller/lib/python3.12/site-packages/my_robot_controller
[1.433s] copying /home/student/ros2_ws/build/my_robot_controller/build/lib/my_robot_controller/lidar_simulator.py -> /home/student/ros2_ws/install/my_robot_controller/lib/python3.12/site-packages/my_robot_controller
[1.434s] copying /home/student/ros2_ws/build/my_robot_controller/build/lib/my_robot_controller/motor_simulator.py -> /home/student/ros2_ws/install/my_robot_controller/lib/python3.12/site-packages/my_robot_controller
[1.434s] copying /home/student/ros2_ws/build/my_robot_controller/build/lib/my_robot_controller/my_first_node.py -> /home/student/ros2_ws/install/my_robot_controller/lib/python3.12/site-packages/my_robot_controller
[1.434s] copying /home/student/ros2_ws/build/my_robot_controller/build/lib/my_robot_controller/odometry_error_demo.py -> /home/student/ros2_ws/install/my_robot_controller/lib/python3.12/site-packages/my_robot_controller
[1.435s] copying /home/student/ros2_ws/build/my_robot_controller/build/lib/my_robot_controller/robot_news_station.py -> /home/student/ros2_ws/install/my_robot_controller/lib/python3.12/site-packages/my_robot_controller
[1.435s] copying /home/student/ros2_ws/build/my_robot_controller/build/lib/my_robot_controller/robot_tf_broadcaster.py -> /home/student/ros2_ws/install/my_robot_controller/lib/python3.12/site-packages/my_robot_controller
[1.438s] copying /home/student/ros2_ws/build/my_robot_controller/build/lib/my_robot_controller/sensor_fusion.py -> /home/student/ros2_ws/install/my_robot_controller/lib/python3.12/site-packages/my_robot_controller
[1.438s] copying /home/student/ros2_ws/build/my_robot_controller/build/lib/my_robot_controller/slam_world_simulator.py -> /home/student/ros2_ws/install/my_robot_controller/lib/python3.12/site-packages/my_robot_controller
[1.439s] copying /home/student/ros2_ws/build/my_robot_controller/build/lib/my_robot_controller/slip_detector.py -> /home/student/ros2_ws/install/my_robot_controller/lib/python3.12/site-packages/my_robot_controller
[1.439s] copying /home/student/ros2_ws/build/my_robot_controller/build/lib/my_robot_controller/smartphone.py -> /home/student/ros2_ws/install/my_robot_controller/lib/python3.12/site-packages/my_robot_controller
[1.440s] copying /home/student/ros2_ws/build/my_robot_controller/build/lib/my_robot_controller/static_transform_publisher.py -> /home/student/ros2_ws/install/my_robot_controller/lib/python3.12/site-packages/my_robot_controller
[1.444s] copying /home/student/ros2_ws/build/my_robot_controller/build/lib/my_robot_controller/stm32_bridge.py -> /home/student/ros2_ws/install/my_robot_controller/lib/python3.12/site-packages/my_robot_controller
[1.444s] copying /home/student/ros2_ws/build/my_robot_controller/build/lib/my_robot_controller/system_monitor.py -> /home/student/ros2_ws/install/my_robot_controller/lib/python3.12/site-packages/my_robot_controller
[1.445s] copying /home/student/ros2_ws/build/my_robot_controller/build/lib/my_robot_controller/wheel_odometry.py -> /home/student/ros2_ws/install/my_robot_controller/lib/python3.12/site-packages/my_robot_controller
[1.445s] byte-compiling /home/student/ros2_ws/install/my_robot_controller/lib/python3.12/site-packages/my_robot_controller/__init__.py to __init__.cpython-312.pyc
[1.446s] byte-compiling /home/student/ros2_ws/install/my_robot_controller/lib/python3.12/site-packages/my_robot_controller/battery_node.py to battery_node.cpython-312.pyc
[1.447s] byte-compiling /home/student/ros2_ws/install/my_robot_controller/lib/python3.12/site-packages/my_robot_controller/calibration_helper.py to calibration_helper.cpython-312.pyc
[1.448s] byte-compiling /home/student/ros2_ws/install/my_robot_controller/lib/python3.12/site-packages/my_robot_controller/encoder_simulator.py to encoder_simulator.cpython-312.pyc
[1.450s] byte-compiling /home/student/ros2_ws/install/my_robot_controller/lib/python3.12/site-packages/my_robot_controller/imu_reader.py to imu_reader.cpython-312.pyc
[1.451s] byte-compiling /home/student/ros2_ws/install/my_robot_controller/lib/python3.12/site-packages/my_robot_controller/imu_simulator.py to imu_simulator.cpython-312.pyc
[1.453s] byte-compiling /home/student/ros2_ws/install/my_robot_controller/lib/python3.12/site-packages/my_robot_controller/lidar_processor.py to lidar_processor.cpython-312.pyc
[1.454s] byte-compiling /home/student/ros2_ws/install/my_robot_controller/lib/python3.12/site-packages/my_robot_controller/lidar_room_simulator.py to lidar_room_simulator.cpython-312.pyc
[1.455s] byte-compiling /home/student/ros2_ws/install/my_robot_controller/lib/python3.12/site-packages/my_robot_controller/lidar_simulator.py to lidar_simulator.cpython-312.pyc
[1.456s] byte-compiling /home/student/ros2_ws/install/my_robot_controller/lib/python3.12/site-packages/my_robot_controller/motor_simulator.py to motor_simulator.cpython-312.pyc
[1.457s] byte-compiling /home/student/ros2_ws/install/my_robot_controller/lib/python3.12/site-packages/my_robot_controller/my_first_node.py to my_first_node.cpython-312.pyc
[1.457s] byte-compiling /home/student/ros2_ws/install/my_robot_controller/lib/python3.12/site-packages/my_robot_controller/odometry_error_demo.py to odometry_error_demo.cpython-312.pyc
[1.459s] byte-compiling /home/student/ros2_ws/install/my_robot_controller/lib/python3.12/site-packages/my_robot_controller/robot_news_station.py to robot_news_station.cpython-312.pyc
[1.460s] byte-compiling /home/student/ros2_ws/install/my_robot_controller/lib/python3.12/site-packages/my_robot_controller/robot_tf_broadcaster.py to robot_tf_broadcaster.cpython-312.pyc
[1.461s] byte-compiling /home/student/ros2_ws/install/my_robot_controller/lib/python3.12/site-packages/my_robot_controller/sensor_fusion.py to sensor_fusion.cpython-312.pyc
[1.462s] byte-compiling /home/student/ros2_ws/install/my_robot_controller/lib/python3.12/site-packages/my_robot_controller/slam_world_simulator.py to slam_world_simulator.cpython-312.pyc
[1.464s] byte-compiling /home/student/ros2_ws/install/my_robot_controller/lib/python3.12/site-packages/my_robot_controller/slip_detector.py to slip_detector.cpython-312.pyc
[1.465s] byte-compiling /home/student/ros2_ws/install/my_robot_controller/lib/python3.12/site-packages/my_robot_controller/smartphone.py to smartphone.cpython-312.pyc
[1.465s] byte-compiling /home/student/ros2_ws/install/my_robot_controller/lib/python3.12/site-packages/my_robot_controller/static_transform_publisher.py to static_transform_publisher.cpython-312.pyc
[1.467s] byte-compiling /home/student/ros2_ws/install/my_robot_controller/lib/python3.12/site-packages/my_robot_controller/stm32_bridge.py to stm32_bridge.cpython-312.pyc
[1.468s] byte-compiling /home/student/ros2_ws/install/my_robot_controller/lib/python3.12/site-packages/my_robot_controller/system_monitor.py to system_monitor.cpython-312.pyc
[1.470s] byte-compiling /home/student/ros2_ws/install/my_robot_controller/lib/python3.12/site-packages/my_robot_controller/wheel_odometry.py to wheel_odometry.cpython-312.pyc
[1.470s] running install_data
[1.471s] creating /home/student/ros2_ws/install/my_robot_controller/share/ament_index
[1.471s] creating /home/student/ros2_ws/install/my_robot_controller/share/ament_index/resource_index
[1.471s] creating /home/student/ros2_ws/install/my_robot_controller/share/ament_index/resource_index/packages
[1.471s] copying resource/my_robot_controller -> /home/student/ros2_ws/install/my_robot_controller/share/ament_index/resource_index/packages
[1.472s] copying package.xml -> /home/student/ros2_ws/install/my_robot_controller/share/my_robot_controller
[1.472s] creating /home/student/ros2_ws/install/my_robot_controller/share/my_robot_controller/launch
[1.472s] copying launch/hardware_simulation.launch.py -> /home/student/ros2_ws/install/my_robot_controller/share/my_robot_controller/launch
[1.472s] copying launch/robot_simulation.launch.py -> /home/student/ros2_ws/install/my_robot_controller/share/my_robot_controller/launch
[1.473s] copying launch/save_map.launch.py -> /home/student/ros2_ws/install/my_robot_controller/share/my_robot_controller/launch
[1.473s] copying launch/slam_mapping.launch.py -> /home/student/ros2_ws/install/my_robot_controller/share/my_robot_controller/launch
[1.474s] copying launch/view_robot.launch.py -> /home/student/ros2_ws/install/my_robot_controller/share/my_robot_controller/launch
[1.474s] creating /home/student/ros2_ws/install/my_robot_controller/share/my_robot_controller/urdf
[1.474s] creating /home/student/ros2_ws/install/my_robot_controller/share/my_robot_controller/config
[1.474s] copying config/slam_toolbox_params.yaml -> /home/student/ros2_ws/install/my_robot_controller/share/my_robot_controller/config
[1.475s] copying config/slam.rviz -> /home/student/ros2_ws/install/my_robot_controller/share/my_robot_controller/config
[1.476s] running install_egg_info
[1.493s] Copying ../../build/my_robot_controller/my_robot_controller.egg-info to /home/student/ros2_ws/install/my_robot_controller/lib/python3.12/site-packages/my_robot_controller-0.0.0-py3.12.egg-info
[1.495s] running install_scripts
[1.550s] Installing battery_node script to /home/student/ros2_ws/install/my_robot_controller/lib/my_robot_controller
[1.550s] Installing calibration_helper script to /home/student/ros2_ws/install/my_robot_controller/lib/my_robot_controller
[1.551s] Installing encoder_simulator script to /home/student/ros2_ws/install/my_robot_controller/lib/my_robot_controller
[1.551s] Installing imu_reader script to /home/student/ros2_ws/install/my_robot_controller/lib/my_robot_controller
[1.551s] Installing imu_simulator script to /home/student/ros2_ws/install/my_robot_controller/lib/my_robot_controller
[1.551s] Installing lidar_processor script to /home/student/ros2_ws/install/my_robot_controller/lib/my_robot_controller
[1.552s] Installing lidar_room_simulator script to /home/student/ros2_ws/install/my_robot_controller/lib/my_robot_controller
[1.552s] Installing lidar_simulator script to /home/student/ros2_ws/install/my_robot_controller/lib/my_robot_controller
[1.552s] Installing motor_simulator script to /home/student/ros2_ws/install/my_robot_controller/lib/my_robot_controller
[1.553s] Installing my_first_node script to /home/student/ros2_ws/install/my_robot_controller/lib/my_robot_controller
[1.553s] Installing odometry_error_demo script to /home/student/ros2_ws/install/my_robot_controller/lib/my_robot_controller
[1.553s] Installing robot_news_station script to /home/student/ros2_ws/install/my_robot_controller/lib/my_robot_controller
[1.553s] Installing robot_tf_broadcaster script to /home/student/ros2_ws/install/my_robot_controller/lib/my_robot_controller
[1.554s] Installing sensor_fusion script to /home/student/ros2_ws/install/my_robot_controller/lib/my_robot_controller
[1.554s] Installing slam_world_simulator script to /home/student/ros2_ws/install/my_robot_controller/lib/my_robot_controller
[1.554s] Installing slip_detector script to /home/student/ros2_ws/install/my_robot_controller/lib/my_robot_controller
[1.555s] Installing smartphone script to /home/student/ros2_ws/install/my_robot_controller/lib/my_robot_controller
[1.555s] Installing static_transform_publisher script to /home/student/ros2_ws/install/my_robot_controller/lib/my_robot_controller
[1.556s] Installing system_monitor script to /home/student/ros2_ws/install/my_robot_controller/lib/my_robot_controller
[1.556s] Installing wheel_odometry script to /home/student/ros2_ws/install/my_robot_controller/lib/my_robot_controller
[1.557s] writing list of installed files to '/home/student/ros2_ws/build/my_robot_controller/install.log'
[1.580s] Invoked command in '/home/student/ros2_ws/src/my_robot_controller' returned '0': PYTHONPATH=/home/student/ros2_ws/build/my_robot_controller/prefix_override:/usr/lib/python3/dist-packages/colcon_core/task/python/colcon_distutils_commands:/home/student/ros2_ws/install/my_robot_controller/lib/python3.12/site-packages:${PYTHONPATH} /usr/bin/python3 -W ignore:setup.py install is deprecated -W ignore:easy_install command is deprecated setup.py egg_info --egg-base ../../build/my_robot_controller build --build-base /home/student/ros2_ws/build/my_robot_controller/build install --record /home/student/ros2_ws/build/my_robot_controller/install.log --single-version-externally-managed install_data
